
[11/22/2010 01:18:27] [message] Git Pusshu Ten (プッシュ点) initialized in: /Users/seivan/Documents/Projects/remindamail!
[11/22/2010 01:19:53] /usr/bin/git

[11/22/2010 01:19:53] [message] It looks like remindamail does not yet exist.
[11/22/2010 01:19:53] [message] Would you like to add remindamail to RemindaMail (remindamail.it)?
[11/22/2010 01:19:54] [message] Adding remindamail to remindamail.it..
[11/22/2010 01:19:54] [message] What password would you like to give remindamail?
[11/22/2010 01:20:02] useradd: cannot create directory /home/remindamail/applications/

[11/22/2010 01:20:02] [error] Failed to add user remindamail to RemindaMail (remindamail.it).
[11/22/2010 01:20:02] [error] An error occurred. Is your configuration file properly configured?
[11/22/2010 01:20:21] /usr/bin/git

[11/22/2010 01:20:21] [message] It looks like remindamail does not yet exist.
[11/22/2010 01:20:21] [message] Would you like to add remindamail to RemindaMail (remindamail.it)?
[11/22/2010 01:20:22] [message] Adding remindamail to remindamail.it..
[11/22/2010 01:20:22] [message] What password would you like to give remindamail?
[11/22/2010 01:20:31] [message] Successfully added remindamail to RemindaMail (remindamail.it)!
[11/22/2010 01:20:31] [message] Configuring remindamail.
[11/22/2010 01:20:33] cat: /home/remindamail/.ssh/authorized_keys: No such file or directory

[11/22/2010 01:20:35] cat: /home/remindamail/.ssh/authorized_keys: No such file or directory

[11/22/2010 01:20:41] Initialized empty Git repository in /home/remindamail/gitpusshuten-packages/.git/

[11/22/2010 01:20:47] # /etc/sudoers
#
# This file MUST be edited with the 'visudo' command as root.
#
# See the man page for details on how to write a sudoers file.
#

Defaults	env_reset

# Host alias specification

# User alias specification

# Cmnd alias specification

# User privilege specification
root	ALL=(ALL) ALL

# Allow members of group sudo to execute any command
# (Note that later entries override this, so you might need to move
# it further down)
%sudo ALL=(ALL) ALL
#
#includedir /etc/sudoers.d

# Members of the admin group may gain root privileges
%admin ALL=(ALL) ALL
remindamail ALL=(ALL) ALL

[11/22/2010 01:20:56] Initialized empty Git repository in /home/remindamail/gitpusshuten-packages/.git/

[11/22/2010 01:20:58] pushand uninstalled
pushand installed

[11/22/2010 01:21:02] [message] Finished configuring remindamail.
[11/22/2010 01:21:02] [message] Finished adding and configuring remindamail!
[11/22/2010 01:21:02] [message] You should now be able to push your application to RemindaMail at remindamail.it.
[11/22/2010 01:31:44] remindamail:x:1000:1000::/home/remindamail/:/bin/bash

[11/22/2010 01:31:44] [error] User remindamail already exists.
[11/22/2010 01:31:44] [error] If you want to remove this user, run the following command:
[11/22/2010 01:31:44] 
  heavenly user remove from production


[11/22/2010 01:31:44] [error] If you just want to reconfigure the user without removing it, run the following ommand:
[11/22/2010 01:31:44] 
  heavenly user reconfigure for production
[11/22/2010 01:32:07] /usr/bin/git

[11/22/2010 01:32:07] [message] It looks like remindamail does not yet exist.
[11/22/2010 01:32:07] [message] Would you like to add remindamail to RemindaMail (remindamail.it)?
[11/22/2010 01:32:08] [message] Adding remindamail to remindamail.it..
[11/22/2010 01:32:08] [message] What password would you like to give remindamail?
[11/22/2010 01:32:16] [message] Successfully added remindamail to RemindaMail (remindamail.it)!
[11/22/2010 01:32:16] [message] Configuring remindamail.
[11/22/2010 01:32:18] cat: /home/remindamail/.ssh/authorized_keys: No such file or directory

[11/22/2010 01:32:21] cat: /home/remindamail/.ssh/authorized_keys: No such file or directory

[11/22/2010 01:32:27] Initialized empty Git repository in /home/remindamail/gitpusshuten-packages/.git/

[11/22/2010 01:32:33] # /etc/sudoers
#
# This file MUST be edited with the 'visudo' command as root.
#
# See the man page for details on how to write a sudoers file.
#

Defaults	env_reset

# Host alias specification

# User alias specification

# Cmnd alias specification

# User privilege specification
root	ALL=(ALL) ALL

# Allow members of group sudo to execute any command
# (Note that later entries override this, so you might need to move
# it further down)
%sudo ALL=(ALL) ALL
#
#includedir /etc/sudoers.d

# Members of the admin group may gain root privileges
%admin ALL=(ALL) ALL
remindamail ALL=(ALL) ALL

[11/22/2010 01:32:42] Initialized empty Git repository in /home/remindamail/gitpusshuten-packages/.git/

[11/22/2010 01:32:44] pushand uninstalled
pushand installed

[11/22/2010 01:32:48] [message] Finished configuring remindamail.
[11/22/2010 01:32:48] [message] Finished adding and configuring remindamail!
[11/22/2010 01:32:48] [message] You should now be able to push your application to RemindaMail at remindamail.it.
[11/22/2010 01:35:13] /usr/bin/mysql

[11/22/2010 01:35:13] [message] Please provide your MySQL root password.
[11/22/2010 01:35:38] mysqld is alive

[11/22/2010 01:35:40] [message] User remindamail has been removed!
[11/22/2010 01:35:54] /usr/bin/mysql

[11/22/2010 01:35:54] [message] Please provide your MySQL root password.
[11/22/2010 01:36:00] mysqld is alive

[11/22/2010 01:36:00] [message] Please provide a new password for your MySQL database user.
[11/22/2010 01:36:09] [message] Please enter your password again.
[11/22/2010 01:36:14] [message] User remindamail has been added!